<?xml version="1.0" encoding="UTF-8"?>
<testsuite xmlns:xsi="http://www.w3.org/2001/XMLSchema-instance" xsi:noNamespaceSchemaLocation="https://maven.apache.org/surefire/maven-surefire-plugin/xsd/surefire-test-report.xsd" name="si.unilj.fri.vss.aps2.seminar1.PuzzlePieceTest" time="0.006" tests="35" errors="0" skipped="0" failures="0">
  <properties>
[...]
</properties>
  <testcase name="testPuzzlePiece2DArrayImpl1" classname="si.unilj.fri.vss.aps2.seminar1.PuzzlePieceTest" time="0"/>
  <testcase name="testPuzzlePiece2DArrayImpl2" classname="si.unilj.fri.vss.aps2.seminar1.PuzzlePieceTest" time="0"/>
  <testcase name="testPuzzlePiece2DArrayImpl3" classname="si.unilj.fri.vss.aps2.seminar1.PuzzlePieceTest" time="0"/>
  <testcase name="testPuzzlePiece2DArrayImpl4" classname="si.unilj.fri.vss.aps2.seminar1.PuzzlePieceTest" time="0"/>
  <testcase name="testPuzzlePiece2DArrayImpl5" classname="si.unilj.fri.vss.aps2.seminar1.PuzzlePieceTest" time="0"/>
  <testcase name="testPuzzlePiece2DArrayImpl6" classname="si.unilj.fri.vss.aps2.seminar1.PuzzlePieceTest" time="0"/>
  <testcase name="testPuzzlePiece2DArrayImpl7" classname="si.unilj.fri.vss.aps2.seminar1.PuzzlePieceTest" time="0"/>
  <testcase name="testPuzzlePiece2DArrayImpl8" classname="si.unilj.fri.vss.aps2.seminar1.PuzzlePieceTest" time="0"/>
  <testcase name="testPuzzlePiece2DArrayImpl9" classname="si.unilj.fri.vss.aps2.seminar1.PuzzlePieceTest" time="0.001"/>
  <testcase name="testPuzzlePiece2DArrayImpl10" classname="si.unilj.fri.vss.aps2.seminar1.PuzzlePieceTest" time="0"/>
  <testcase name="testPuzzlePiece2DArrayImpl11" classname="si.unilj.fri.vss.aps2.seminar1.PuzzlePieceTest" time="0"/>
  <testcase name="testPuzzlePiece2DArrayImpl12" classname="si.unilj.fri.vss.aps2.seminar1.PuzzlePieceTest" time="0"/>
  <testcase name="testPuzzlePiece2DArrayImpl13" classname="si.unilj.fri.vss.aps2.seminar1.PuzzlePieceTest" time="0"/>
  <testcase name="testPuzzlePiece2DArrayImpl14" classname="si.unilj.fri.vss.aps2.seminar1.PuzzlePieceTest" time="0"/>
  <testcase name="testPuzzlePiece2DArrayImpl15" classname="si.unilj.fri.vss.aps2.seminar1.PuzzlePieceTest" time="0"/>
  <testcase name="testPuzzlePiece2DArrayImpl16" classname="si.unilj.fri.vss.aps2.seminar1.PuzzlePieceTest" time="0"/>
  <testcase name="testPuzzlePiece2DArrayImpl17" classname="si.unilj.fri.vss.aps2.seminar1.PuzzlePieceTest" time="0"/>
  <testcase name="testPuzzlePiece1DArrayImpl10" classname="si.unilj.fri.vss.aps2.seminar1.PuzzlePieceTest" time="0"/>
  <testcase name="testPuzzlePiece1DArrayImpl11" classname="si.unilj.fri.vss.aps2.seminar1.PuzzlePieceTest" time="0"/>
  <testcase name="testPuzzlePiece1DArrayImpl12" classname="si.unilj.fri.vss.aps2.seminar1.PuzzlePieceTest" time="0"/>
  <testcase name="testPuzzlePiece1DArrayImpl13" classname="si.unilj.fri.vss.aps2.seminar1.PuzzlePieceTest" time="0"/>
  <testcase name="testPuzzlePiece1DArrayImpl14" classname="si.unilj.fri.vss.aps2.seminar1.PuzzlePieceTest" time="0"/>
  <testcase name="testPuzzlePiece1DArrayImpl15" classname="si.unilj.fri.vss.aps2.seminar1.PuzzlePieceTest" time="0"/>
  <testcase name="testPuzzlePiece1DArrayImpl16" classname="si.unilj.fri.vss.aps2.seminar1.PuzzlePieceTest" time="0"/>
  <testcase name="testPuzzlePiece1DArrayImpl17" classname="si.unilj.fri.vss.aps2.seminar1.PuzzlePieceTest" time="0"/>
  <testcase name="testPuzzlePiece1DArrayImpl18" classname="si.unilj.fri.vss.aps2.seminar1.PuzzlePieceTest" time="0"/>
  <testcase name="testPuzzlePiece1DArrayImpl1" classname="si.unilj.fri.vss.aps2.seminar1.PuzzlePieceTest" time="0"/>
  <testcase name="testPuzzlePiece1DArrayImpl2" classname="si.unilj.fri.vss.aps2.seminar1.PuzzlePieceTest" time="0"/>
  <testcase name="testPuzzlePiece1DArrayImpl3" classname="si.unilj.fri.vss.aps2.seminar1.PuzzlePieceTest" time="0"/>
  <testcase name="testPuzzlePiece1DArrayImpl4" classname="si.unilj.fri.vss.aps2.seminar1.PuzzlePieceTest" time="0"/>
  <testcase name="testPuzzlePiece1DArrayImpl5" classname="si.unilj.fri.vss.aps2.seminar1.PuzzlePieceTest" time="0"/>
  <testcase name="testPuzzlePiece1DArrayImpl6" classname="si.unilj.fri.vss.aps2.seminar1.PuzzlePieceTest" time="0"/>
  <testcase name="testPuzzlePiece1DArrayImpl7" classname="si.unilj.fri.vss.aps2.seminar1.PuzzlePieceTest" time="0"/>
  <testcase name="testPuzzlePiece1DArrayImpl8" classname="si.unilj.fri.vss.aps2.seminar1.PuzzlePieceTest" time="0"/>
  <testcase name="testPuzzlePiece1DArrayImpl9" classname="si.unilj.fri.vss.aps2.seminar1.PuzzlePieceTest" time="0"/>
</testsuite>